Performing C SOURCE FILE Test CMAKE_HAVE_LIBC_PTHREAD failed with the following output:
Change Dir: /home/puchkinda/home/auriga/CppDive/TestProject/cmake-build-debug/CMakeFiles/CMakeTmp

Run Build Command(s):/usr/bin/make cmTC_e41dc/fast && /usr/bin/make -f CMakeFiles/cmTC_e41dc.dir/build.make CMakeFiles/cmTC_e41dc.dir/build
make[1]: вход в каталог «/home/puchkinda/home/auriga/CppDive/TestProject/cmake-build-debug/CMakeFiles/CMakeTmp»
Building C object CMakeFiles/cmTC_e41dc.dir/src.c.o
/usr/bin/cc   -DCMAKE_HAVE_LIBC_PTHREAD   -o CMakeFiles/cmTC_e41dc.dir/src.c.o   -c /home/puchkinda/home/auriga/CppDive/TestProject/cmake-build-debug/CMakeFiles/CMakeTmp/src.c
Linking C executable cmTC_e41dc
/home/puchkinda/.local/share/JetBrains/Toolbox/apps/CLion/ch-0/201.7846.88/bin/cmake/linux/bin/cmake -E cmake_link_script CMakeFiles/cmTC_e41dc.dir/link.txt --verbose=1
/usr/bin/cc  -DCMAKE_HAVE_LIBC_PTHREAD    -rdynamic CMakeFiles/cmTC_e41dc.dir/src.c.o  -o cmTC_e41dc 
CMakeFiles/cmTC_e41dc.dir/src.c.o: In function `main':
src.c:(.text+0x3e): undefined reference to `pthread_create'
src.c:(.text+0x4a): undefined reference to `pthread_detach'
src.c:(.text+0x5b): undefined reference to `pthread_join'
src.c:(.text+0x6f): undefined reference to `pthread_atfork'
collect2: error: ld returned 1 exit status
CMakeFiles/cmTC_e41dc.dir/build.make:86: recipe for target 'cmTC_e41dc' failed
make[1]: *** [cmTC_e41dc] Error 1
make[1]: выход из каталога «/home/puchkinda/home/auriga/CppDive/TestProject/cmake-build-debug/CMakeFiles/CMakeTmp»
Makefile:121: recipe for target 'cmTC_e41dc/fast' failed
make: *** [cmTC_e41dc/fast] Error 2


Source file was:
#include <pthread.h>

void* test_func(void* data)
{
  return data;
}

int main(void)
{
  pthread_t thread;
  pthread_create(&thread, NULL, test_func, NULL);
  pthread_detach(thread);
  pthread_join(thread, NULL);
  pthread_atfork(NULL, NULL, NULL);
  pthread_exit(NULL);

  return 0;
}

Determining if the function pthread_create exists in the pthreads failed with the following output:
Change Dir: /home/puchkinda/home/auriga/CppDive/TestProject/cmake-build-debug/CMakeFiles/CMakeTmp

Run Build Command(s):/usr/bin/make cmTC_a53c0/fast && /usr/bin/make -f CMakeFiles/cmTC_a53c0.dir/build.make CMakeFiles/cmTC_a53c0.dir/build
make[1]: вход в каталог «/home/puchkinda/home/auriga/CppDive/TestProject/cmake-build-debug/CMakeFiles/CMakeTmp»
Building C object CMakeFiles/cmTC_a53c0.dir/CheckFunctionExists.c.o
/usr/bin/cc   -DCHECK_FUNCTION_EXISTS=pthread_create   -o CMakeFiles/cmTC_a53c0.dir/CheckFunctionExists.c.o   -c /home/puchkinda/.local/share/JetBrains/Toolbox/apps/CLion/ch-0/201.7846.88/bin/cmake/linux/share/cmake-3.16/Modules/CheckFunctionExists.c
Linking C executable cmTC_a53c0
/home/puchkinda/.local/share/JetBrains/Toolbox/apps/CLion/ch-0/201.7846.88/bin/cmake/linux/bin/cmake -E cmake_link_script CMakeFiles/cmTC_a53c0.dir/link.txt --verbose=1
/usr/bin/cc  -DCHECK_FUNCTION_EXISTS=pthread_create    -rdynamic CMakeFiles/cmTC_a53c0.dir/CheckFunctionExists.c.o  -o cmTC_a53c0  -lpthreads 
/usr/bin/ld: cannot find -lpthreads
collect2: error: ld returned 1 exit status
CMakeFiles/cmTC_a53c0.dir/build.make:86: recipe for target 'cmTC_a53c0' failed
make[1]: *** [cmTC_a53c0] Error 1
make[1]: выход из каталога «/home/puchkinda/home/auriga/CppDive/TestProject/cmake-build-debug/CMakeFiles/CMakeTmp»
Makefile:121: recipe for target 'cmTC_a53c0/fast' failed
make: *** [cmTC_a53c0/fast] Error 2



Performing C SOURCE FILE Test CMAKE_HAVE_LIBC_PTHREAD failed with the following output:
Change Dir: /home/puchkinda/home/auriga/CppDive/TestProject/cmake-build-debug/CMakeFiles/CMakeTmp

Run Build Command(s):/usr/bin/make cmTC_f301f/fast && make[1]: вход в каталог «/home/puchkinda/home/auriga/CppDive/TestProject/cmake-build-debug/CMakeFiles/CMakeTmp»
/usr/bin/make -f CMakeFiles/cmTC_f301f.dir/build.make CMakeFiles/cmTC_f301f.dir/build
make[2]: вход в каталог «/home/puchkinda/home/auriga/CppDive/TestProject/cmake-build-debug/CMakeFiles/CMakeTmp»
Building C object CMakeFiles/cmTC_f301f.dir/src.c.o
/usr/bin/cc   -DCMAKE_HAVE_LIBC_PTHREAD   -o CMakeFiles/cmTC_f301f.dir/src.c.o   -c /home/puchkinda/home/auriga/CppDive/TestProject/cmake-build-debug/CMakeFiles/CMakeTmp/src.c
Linking C executable cmTC_f301f
/home/puchkinda/.local/share/JetBrains/Toolbox/apps/CLion/ch-0/201.7846.88/bin/cmake/linux/bin/cmake -E cmake_link_script CMakeFiles/cmTC_f301f.dir/link.txt --verbose=1
/usr/bin/cc  -DCMAKE_HAVE_LIBC_PTHREAD    -rdynamic CMakeFiles/cmTC_f301f.dir/src.c.o  -o cmTC_f301f 
CMakeFiles/cmTC_f301f.dir/src.c.o: In function `main':
src.c:(.text+0x3e): undefined reference to `pthread_create'
src.c:(.text+0x4a): undefined reference to `pthread_detach'
src.c:(.text+0x5b): undefined reference to `pthread_join'
src.c:(.text+0x6f): undefined reference to `pthread_atfork'
collect2: error: ld returned 1 exit status
CMakeFiles/cmTC_f301f.dir/build.make:86: recipe for target 'cmTC_f301f' failed
make[2]: *** [cmTC_f301f] Error 1
make[2]: выход из каталога «/home/puchkinda/home/auriga/CppDive/TestProject/cmake-build-debug/CMakeFiles/CMakeTmp»
Makefile:121: recipe for target 'cmTC_f301f/fast' failed
make[1]: *** [cmTC_f301f/fast] Error 2
make[1]: выход из каталога «/home/puchkinda/home/auriga/CppDive/TestProject/cmake-build-debug/CMakeFiles/CMakeTmp»


Source file was:
#include <pthread.h>

void* test_func(void* data)
{
  return data;
}

int main(void)
{
  pthread_t thread;
  pthread_create(&thread, NULL, test_func, NULL);
  pthread_detach(thread);
  pthread_join(thread, NULL);
  pthread_atfork(NULL, NULL, NULL);
  pthread_exit(NULL);

  return 0;
}

Determining if the function pthread_create exists in the pthreads failed with the following output:
Change Dir: /home/puchkinda/home/auriga/CppDive/TestProject/cmake-build-debug/CMakeFiles/CMakeTmp

Run Build Command(s):/usr/bin/make cmTC_67884/fast && make[1]: вход в каталог «/home/puchkinda/home/auriga/CppDive/TestProject/cmake-build-debug/CMakeFiles/CMakeTmp»
/usr/bin/make -f CMakeFiles/cmTC_67884.dir/build.make CMakeFiles/cmTC_67884.dir/build
make[2]: вход в каталог «/home/puchkinda/home/auriga/CppDive/TestProject/cmake-build-debug/CMakeFiles/CMakeTmp»
Building C object CMakeFiles/cmTC_67884.dir/CheckFunctionExists.c.o
/usr/bin/cc   -DCHECK_FUNCTION_EXISTS=pthread_create   -o CMakeFiles/cmTC_67884.dir/CheckFunctionExists.c.o   -c /home/puchkinda/.local/share/JetBrains/Toolbox/apps/CLion/ch-0/201.7846.88/bin/cmake/linux/share/cmake-3.16/Modules/CheckFunctionExists.c
Linking C executable cmTC_67884
/home/puchkinda/.local/share/JetBrains/Toolbox/apps/CLion/ch-0/201.7846.88/bin/cmake/linux/bin/cmake -E cmake_link_script CMakeFiles/cmTC_67884.dir/link.txt --verbose=1
/usr/bin/cc  -DCHECK_FUNCTION_EXISTS=pthread_create    -rdynamic CMakeFiles/cmTC_67884.dir/CheckFunctionExists.c.o  -o cmTC_67884  -lpthreads 
/usr/bin/ld: cannot find -lpthreads
collect2: error: ld returned 1 exit status
CMakeFiles/cmTC_67884.dir/build.make:86: recipe for target 'cmTC_67884' failed
make[2]: *** [cmTC_67884] Error 1
make[2]: выход из каталога «/home/puchkinda/home/auriga/CppDive/TestProject/cmake-build-debug/CMakeFiles/CMakeTmp»
Makefile:121: recipe for target 'cmTC_67884/fast' failed
make[1]: *** [cmTC_67884/fast] Error 2
make[1]: выход из каталога «/home/puchkinda/home/auriga/CppDive/TestProject/cmake-build-debug/CMakeFiles/CMakeTmp»



